<?xml version="1.0" encoding="UTF-8"?>
<!-- Generated by org.testng.reporters.JUnitReportReporter -->
<testsuite hostname="Nihal-Yadalam" failures="0" tests="1" name="com.selenium.example.my_first_selenium_script.AppTest" time="3.504" errors="0" timestamp="13 Feb 2022 13:34:22 GMT" skipped="0">
  <testcase classname="com.selenium.example.my_first_selenium_script.AppTest" name="testEmailCredentials" time="3.504"/>
</testsuite> <!-- com.selenium.example.my_first_selenium_script.AppTest -->
